<?xml version="1.0" encoding="UTF-8"?>
<testng-results ignored="0" total="3" passed="3" failed="0" skipped="0">
  <reporter-output>
  </reporter-output>
  <suite started-at="2023-06-17T11:20:55 IST" name="Suite" finished-at="2023-06-17T11:21:08 IST" duration-ms="12949">
    <groups>
    </groups>
    <test started-at="2023-06-17T11:20:55 IST" name="Test" finished-at="2023-06-17T11:21:08 IST" duration-ms="12949">
      <class name="com.sample.Sample">
        <test-method signature="tc1()[pri:0, instance:com.sample.Sample@6e171cd7]" started-at="2023-06-17T11:20:55 IST" name="tc1" finished-at="2023-06-17T11:21:02 IST" duration-ms="7869" status="PASS">
          <reporter-output>
          </reporter-output>
        </test-method> <!-- tc1 -->
        <test-method signature="tc2()[pri:0, instance:com.sample.Sample@6e171cd7]" started-at="2023-06-17T11:21:03 IST" name="tc2" finished-at="2023-06-17T11:21:03 IST" duration-ms="22" status="PASS">
          <reporter-output>
          </reporter-output>
        </test-method> <!-- tc2 -->
        <test-method signature="tc3()[pri:0, instance:com.sample.Sample@6e171cd7]" started-at="2023-06-17T11:21:03 IST" name="tc3" finished-at="2023-06-17T11:21:08 IST" duration-ms="4986" status="PASS">
          <reporter-output>
          </reporter-output>
        </test-method> <!-- tc3 -->
      </class> <!-- com.sample.Sample -->
    </test> <!-- Test -->
  </suite> <!-- Suite -->
</testng-results>
